1
0
1
ASSEMBLY
1
Instance A
Part A
1
Instance A
213
1 1
2 2
3 3
4 4
5 5
6 6
7 7
8 8
9 9
10 10
11 11
12 12
13 13
14 14
15 15
16 16
17 17
18 18
19 19
20 20
21 21
22 22
23 23
24 24
25 25
26 26
27 27
28 28
29 29
30 30
31 31
32 32
33 33
34 34
35 35
36 36
37 37
38 38
39 39
40 40
41 41
42 42
43 43
44 44
45 45
46 46
47 47
48 48
49 49
50 50
51 51
52 52
53 53
54 54
55 55
56 56
57 57
58 58
59 59
60 60
61 61
62 62
63 63
64 64
65 65
66 66
67 67
68 68
69 69
70 70
71 71
72 72
73 73
74 74
75 75
76 76
77 77
78 78
79 79
80 80
81 81
82 82
83 83
84 84
85 85
86 86
87 87
88 88
89 89
90 90
91 91
92 92
93 93
94 94
95 95
96 96
97 97
98 98
99 99
100 100
101 101
102 102
103 103
104 104
105 105
106 106
107 107
108 108
109 109
110 110
111 111
112 112
113 113
114 114
115 115
116 116
117 117
118 118
119 119
120 120
121 121
122 122
123 123
124 124
125 125
126 126
127 127
128 128
129 129
130 130
131 131
132 132
133 133
134 134
135 135
136 136
137 137
138 138
139 139
140 140
141 141
142 142
143 143
144 144
145 145
146 146
147 147
148 148
149 149
150 150
151 151
152 152
153 153
154 154
155 155
156 156
157 157
158 158
159 159
160 160
161 161
162 162
163 163
164 164
165 165
166 166
167 167
168 168
169 169
170 170
171 171
172 172
173 173
174 174
175 175
176 176
177 177
178 178
179 179
180 180
181 181
182 182
183 183
184 184
185 185
186 186
187 187
188 188
189 189
190 190
191 191
192 192
193 193
194 194
195 195
196 196
197 197
198 198
199 199
200 200
201 201
202 202
203 203
204 204
205 205
206 206
207 207
208 208
209 209
210 210
211 211
212 212
213 213
1 1
2 2
3 3
4 4
5 5
6 6
7 7
8 8
9 9
10 10
11 11
12 12
13 13
14 14
15 15
16 16
17 17
18 18
19 19
20 20
21 21
22 22
23 23
24 24
25 25
26 26
27 27
28 28
29 29
30 30
31 31
32 32
33 33
34 34
35 35
36 36
37 37
38 38
39 39
40 40
41 41
42 42
43 43
44 44
45 45
46 46
47 47
48 48
49 49
50 50
51 51
52 52
53 53
54 54
55 55
56 56
57 57
58 58
59 59
60 60
61 61
62 62
63 63
64 64
65 65
66 66
67 67
68 68
69 69
70 70
71 71
72 72
73 73
74 74
75 75
76 76
77 77
78 78
79 79
80 80
81 81
82 82
83 83
84 84
85 85
86 86
87 87
88 88
89 89
90 90
91 91
92 92
93 93
94 94
95 95
96 96
97 97
98 98
99 99
100 100
101 101
102 102
103 103
104 104
105 105
106 106
107 107
108 108
109 109
110 110
111 111
112 112
113 113
114 114
115 115
116 116
117 117
118 118
119 119
120 120
121 121
122 122
123 123
124 124
125 125
126 126
127 127
128 128
129 129
130 130
131 131
132 132
133 133
134 134
135 135
136 136
137 137
138 138
139 139
140 140
141 141
142 142
143 143
144 144
145 145
146 146
147 147
148 148
149 149
150 150
151 151
152 152
153 153
154 154
155 155
156 156
157 157
158 158
159 159
160 160
161 161
162 162
163 163
164 164
165 165
166 166
167 167
168 168
169 169
170 170
171 171
172 172
173 173
174 174
175 175
176 176
177 177
178 178
179 179
180 180
181 181
182 182
183 183
184 184
185 185
186 186
187 187
188 188
189 189
190 190
191 191
192 192
193 193
194 194
195 195
196 196
197 197
198 198
199 199
200 200
201 201
202 202
203 203
204 204
205 205
206 206
207 207
208 208
209 209
210 210
211 211
212 212
213 213
0
1
Instance A
182
1 1
2 2
3 3
4 4
5 5
6 6
7 7
8 8
9 9
10 10
11 11
12 12
13 13
14 14
15 15
16 16
17 17
18 18
19 19
20 20
21 21
22 22
23 23
24 24
25 25
26 26
27 27
28 28
29 29
30 30
31 31
32 32
33 33
34 34
35 35
36 36
37 37
38 38
39 39
40 40
41 41
42 42
43 43
44 44
45 45
46 46
47 47
48 48
49 49
50 50
51 51
52 52
53 53
54 54
55 55
56 56
57 57
58 58
59 59
60 60
61 61
62 62
63 63
64 64
65 65
66 66
67 67
68 68
69 69
70 70
71 71
72 72
73 73
74 74
75 75
76 76
77 77
78 78
79 79
80 80
81 81
82 82
83 83
84 84
85 85
86 86
87 87
88 88
89 89
90 90
91 91
92 92
93 93
94 94
95 95
96 96
97 97
98 98
99 99
100 100
101 101
102 102
103 103
104 104
105 105
106 106
107 107
108 108
109 109
110 110
111 111
112 112
113 113
114 114
115 115
116 116
117 117
118 118
119 119
120 120
121 121
122 122
123 123
124 124
125 125
126 126
127 127
128 128
129 129
130 130
131 131
132 132
133 133
134 134
135 135
136 136
137 137
138 138
139 139
140 140
141 141
142 142
143 143
144 144
145 145
146 146
147 147
148 148
149 149
150 150
151 151
152 152
153 153
154 154
155 155
156 156
157 157
158 158
159 159
160 160
161 161
162 162
163 163
164 164
165 165
166 166
167 167
168 168
169 169
170 170
171 171
172 172
173 173
174 174
175 175
176 176
177 177
178 178
179 179
180 180
181 181
182 182
1 1
2 2
3 3
4 4
5 5
6 6
7 7
8 8
9 9
10 10
11 11
12 12
13 13
14 14
15 15
16 16
17 17
18 18
19 19
20 20
21 21
22 22
23 23
24 24
25 25
26 26
27 27
28 28
29 29
30 30
31 31
32 32
33 33
34 34
35 35
36 36
37 37
38 38
39 39
40 40
41 41
42 42
43 43
44 44
45 45
46 46
47 47
48 48
49 49
50 50
51 51
52 52
53 53
54 54
55 55
56 56
57 57
58 58
59 59
60 60
61 61
62 62
63 63
64 64
65 65
66 66
67 67
68 68
69 69
70 70
71 71
72 72
73 73
74 74
75 75
76 76
77 77
78 78
79 79
80 80
81 81
82 82
83 83
84 84
85 85
86 86
87 87
88 88
89 89
90 90
91 91
92 92
93 93
94 94
95 95
96 96
97 97
98 98
99 99
100 100
101 101
102 102
103 103
104 104
105 105
106 106
107 107
108 108
109 109
110 110
111 111
112 112
113 113
114 114
115 115
116 116
117 117
118 118
119 119
120 120
121 121
122 122
123 123
124 124
125 125
126 126
127 127
128 128
129 129
130 130
131 131
132 132
133 133
134 134
135 135
136 136
137 137
138 138
139 139
140 140
141 141
142 142
143 143
144 144
145 145
146 146
147 147
148 148
149 149
150 150
151 151
152 152
153 153
154 154
155 155
156 156
157 157
158 158
159 159
160 160
161 161
162 162
163 163
164 164
165 165
166 166
167 167
168 168
169 169
170 170
171 171
172 172
173 173
174 174
175 175
176 176
177 177
178 178
179 179
180 180
181 181
182 182
0
0
1
Instance A
183
A1
0
1
1
181 
0
0
A2
0
1
1
182 
0
0
SHELL
0
1
180
1 2 3 4 5 6 7 8 9 10 11 12 13 14 15 16 17 18 19 20 21 22 23 24 25 26 27 28 29 30 31 32 33 34 35 36 37 38 39 40 41 42 43 44 45 46 47 48 49 50 51 52 53 54 55 56 57 58 59 60 61 62 63 64 65 66 67 68 69 70 71 72 73 74 75 76 77 78 79 80 81 82 83 84 85 86 87 88 89 90 91 92 93 94 95 96 97 98 99 100 101 102 103 104 105 106 107 108 109 110 111 112 113 114 115 116 117 118 119 120 121 122 123 124 125 126 127 128 129 130 131 132 133 134 135 136 137 138 139 140 141 142 143 144 145 146 147 148 149 150 151 152 153 154 155 156 157 158 159 160 161 162 163 164 165 166 167 168 169 170 171 172 173 174 175 176 177 178 179 180 
0
0
SHELL-1
0
1
1
1 
0
0
SHELL-10
0
1
1
10 
0
0
SHELL-100
0
1
1
100 
0
0
SHELL-101
0
1
1
101 
0
0
SHELL-102
0
1
1
102 
0
0
SHELL-103
0
1
1
103 
0
0
SHELL-104
0
1
1
104 
0
0
SHELL-105
0
1
1
105 
0
0
SHELL-106
0
1
1
106 
0
0
SHELL-107
0
1
1
107 
0
0
SHELL-108
0
1
1
108 
0
0
SHELL-109
0
1
1
109 
0
0
SHELL-11
0
1
1
11 
0
0
SHELL-110
0
1
1
110 
0
0
SHELL-111
0
1
1
111 
0
0
SHELL-112
0
1
1
112 
0
0
SHELL-113
0
1
1
113 
0
0
SHELL-114
0
1
1
114 
0
0
SHELL-115
0
1
1
115 
0
0
SHELL-116
0
1
1
116 
0
0
SHELL-117
0
1
1
117 
0
0
SHELL-118
0
1
1
118 
0
0
SHELL-119
0
1
1
119 
0
0
SHELL-12
0
1
1
12 
0
0
SHELL-120
0
1
1
120 
0
0
SHELL-121
0
1
1
121 
0
0
SHELL-122
0
1
1
122 
0
0
SHELL-123
0
1
1
123 
0
0
SHELL-124
0
1
1
124 
0
0
SHELL-125
0
1
1
125 
0
0
SHELL-126
0
1
1
126 
0
0
SHELL-127
0
1
1
127 
0
0
SHELL-128
0
1
1
128 
0
0
SHELL-129
0
1
1
129 
0
0
SHELL-13
0
1
1
13 
0
0
SHELL-130
0
1
1
130 
0
0
SHELL-131
0
1
1
131 
0
0
SHELL-132
0
1
1
132 
0
0
SHELL-133
0
1
1
133 
0
0
SHELL-134
0
1
1
134 
0
0
SHELL-135
0
1
1
135 
0
0
SHELL-136
0
1
1
136 
0
0
SHELL-137
0
1
1
137 
0
0
SHELL-138
0
1
1
138 
0
0
SHELL-139
0
1
1
139 
0
0
SHELL-14
0
1
1
14 
0
0
SHELL-140
0
1
1
140 
0
0
SHELL-141
0
1
1
141 
0
0
SHELL-142
0
1
1
142 
0
0
SHELL-143
0
1
1
143 
0
0
SHELL-144
0
1
1
144 
0
0
SHELL-145
0
1
1
145 
0
0
SHELL-146
0
1
1
146 
0
0
SHELL-147
0
1
1
147 
0
0
SHELL-148
0
1
1
148 
0
0
SHELL-149
0
1
1
149 
0
0
SHELL-15
0
1
1
15 
0
0
SHELL-150
0
1
1
150 
0
0
SHELL-151
0
1
1
151 
0
0
SHELL-152
0
1
1
152 
0
0
SHELL-153
0
1
1
153 
0
0
SHELL-154
0
1
1
154 
0
0
SHELL-155
0
1
1
155 
0
0
SHELL-156
0
1
1
156 
0
0
SHELL-157
0
1
1
157 
0
0
SHELL-158
0
1
1
158 
0
0
SHELL-159
0
1
1
159 
0
0
SHELL-16
0
1
1
16 
0
0
SHELL-160
0
1
1
160 
0
0
SHELL-161
0
1
1
161 
0
0
SHELL-162
0
1
1
162 
0
0
SHELL-163
0
1
1
163 
0
0
SHELL-164
0
1
1
164 
0
0
SHELL-165
0
1
1
165 
0
0
SHELL-166
0
1
1
166 
0
0
SHELL-167
0
1
1
167 
0
0
SHELL-168
0
1
1
168 
0
0
SHELL-169
0
1
1
169 
0
0
SHELL-17
0
1
1
17 
0
0
SHELL-170
0
1
1
170 
0
0
SHELL-171
0
1
1
171 
0
0
SHELL-172
0
1
1
172 
0
0
SHELL-173
0
1
1
173 
0
0
SHELL-174
0
1
1
174 
0
0
SHELL-175
0
1
1
175 
0
0
SHELL-176
0
1
1
176 
0
0
SHELL-177
0
1
1
177 
0
0
SHELL-178
0
1
1
178 
0
0
SHELL-179
0
1
1
179 
0
0
SHELL-18
0
1
1
18 
0
0
SHELL-180
0
1
1
180 
0
0
SHELL-19
0
1
1
19 
0
0
SHELL-2
0
1
1
2 
0
0
SHELL-20
0
1
1
20 
0
0
SHELL-21
0
1
1
21 
0
0
SHELL-22
0
1
1
22 
0
0
SHELL-23
0
1
1
23 
0
0
SHELL-24
0
1
1
24 
0
0
SHELL-25
0
1
1
25 
0
0
SHELL-26
0
1
1
26 
0
0
SHELL-27
0
1
1
27 
0
0
SHELL-28
0
1
1
28 
0
0
SHELL-29
0
1
1
29 
0
0
SHELL-3
0
1
1
3 
0
0
SHELL-30
0
1
1
30 
0
0
SHELL-31
0
1
1
31 
0
0
SHELL-32
0
1
1
32 
0
0
SHELL-33
0
1
1
33 
0
0
SHELL-34
0
1
1
34 
0
0
SHELL-35
0
1
1
35 
0
0
SHELL-36
0
1
1
36 
0
0
SHELL-37
0
1
1
37 
0
0
SHELL-38
0
1
1
38 
0
0
SHELL-39
0
1
1
39 
0
0
SHELL-4
0
1
1
4 
0
0
SHELL-40
0
1
1
40 
0
0
SHELL-41
0
1
1
41 
0
0
SHELL-42
0
1
1
42 
0
0
SHELL-43
0
1
1
43 
0
0
SHELL-44
0
1
1
44 
0
0
SHELL-45
0
1
1
45 
0
0
SHELL-46
0
1
1
46 
0
0
SHELL-47
0
1
1
47 
0
0
SHELL-48
0
1
1
48 
0
0
SHELL-49
0
1
1
49 
0
0
SHELL-5
0
1
1
5 
0
0
SHELL-50
0
1
1
50 
0
0
SHELL-51
0
1
1
51 
0
0
SHELL-52
0
1
1
52 
0
0
SHELL-53
0
1
1
53 
0
0
SHELL-54
0
1
1
54 
0
0
SHELL-55
0
1
1
55 
0
0
SHELL-56
0
1
1
56 
0
0
SHELL-57
0
1
1
57 
0
0
SHELL-58
0
1
1
58 
0
0
SHELL-59
0
1
1
59 
0
0
SHELL-6
0
1
1
6 
0
0
SHELL-60
0
1
1
60 
0
0
SHELL-61
0
1
1
61 
0
0
SHELL-62
0
1
1
62 
0
0
SHELL-63
0
1
1
63 
0
0
SHELL-64
0
1
1
64 
0
0
SHELL-65
0
1
1
65 
0
0
SHELL-66
0
1
1
66 
0
0
SHELL-67
0
1
1
67 
0
0
SHELL-68
0
1
1
68 
0
0
SHELL-69
0
1
1
69 
0
0
SHELL-7
0
1
1
7 
0
0
SHELL-70
0
1
1
70 
0
0
SHELL-71
0
1
1
71 
0
0
SHELL-72
0
1
1
72 
0
0
SHELL-73
0
1
1
73 
0
0
SHELL-74
0
1
1
74 
0
0
SHELL-75
0
1
1
75 
0
0
SHELL-76
0
1
1
76 
0
0
SHELL-77
0
1
1
77 
0
0
SHELL-78
0
1
1
78 
0
0
SHELL-79
0
1
1
79 
0
0
SHELL-8
0
1
1
8 
0
0
SHELL-80
0
1
1
80 
0
0
SHELL-81
0
1
1
81 
0
0
SHELL-82
0
1
1
82 
0
0
SHELL-83
0
1
1
83 
0
0
SHELL-84
0
1
1
84 
0
0
SHELL-85
0
1
1
85 
0
0
SHELL-86
0
1
1
86 
0
0
SHELL-87
0
1
1
87 
0
0
SHELL-88
0
1
1
88 
0
0
SHELL-89
0
1
1
89 
0
0
SHELL-9
0
1
1
9 
0
0
SHELL-90
0
1
1
90 
0
0
SHELL-91
0
1
1
91 
0
0
SHELL-92
0
1
1
92 
0
0
SHELL-93
0
1
1
93 
0
0
SHELL-94
0
1
1
94 
0
0
SHELL-95
0
1
1
95 
0
0
SHELL-96
0
1
1
96 
0
0
SHELL-97
0
1
1
97 
0
0
SHELL-98
0
1
1
98 
0
0
SHELL-99
0
1
1
99 
0
0
0
8
A1-1-BEAM
0
1
0
1
Instance A
1
210 
0
A1-1-SHELL
0
1
0
1
Instance A
1
1 
0
A1-2-BEAM
0
1
0
1
Instance A
1
211 
0
A1-2-SHELL
0
1
0
1
Instance A
1
197 
0
A2-1-BEAM
0
1
0
1
Instance A
1
212 
0
A2-1-SHELL
0
1
0
1
Instance A
1
191 
0
A2-2-BEAM
0
1
0
1
Instance A
1
213 
0
A2-2-SHELL
0
1
0
1
Instance A
1
7 
0
1
Instance A
12
A1
0
1
2
210 211 
0
0
A1-1-BEAM
0
1
1
210 
0
0
A1-1-SHELL
0
1
1
1 
0
0
A1-2-BEAM
0
1
1
211 
0
0
A1-2-SHELL
0
1
1
197 
0
0
A2
0
1
2
212 213 
0
0
A2-1-BEAM
0
1
1
212 
0
0
A2-1-SHELL
0
1
1
191 
0
0
A2-2-BEAM
0
1
1
213 
0
0
A2-2-SHELL
0
1
1
7 
0
0
BC
0
1
1
99 
0
0
SHELL
0
1
209
1 2 3 4 5 6 7 8 9 10 11 12 13 14 15 16 17 18 19 20 21 22 23 24 25 26 27 28 29 30 31 32 33 34 35 36 37 38 39 40 41 42 43 44 45 46 47 48 49 50 51 52 53 54 55 56 57 58 59 60 61 62 63 64 65 66 67 68 69 70 71 72 73 74 75 76 77 78 79 80 81 82 83 84 85 86 87 88 89 90 91 92 93 94 95 96 97 98 99 100 101 102 103 104 105 106 107 108 109 110 111 112 113 114 115 116 117 118 119 120 121 122 123 124 125 126 127 128 129 130 131 132 133 134 135 136 137 138 139 140 141 142 143 144 145 146 147 148 149 150 151 152 153 154 155 156 157 158 159 160 161 162 163 164 165 166 167 168 169 170 171 172 173 174 175 176 177 178 179 180 181 182 183 184 185 186 187 188 189 190 191 192 193 194 195 196 197 198 199 200 201 202 203 204 205 206 207 208 209 
0
0
0
0
8
A1-1-BEAM_CNS_
1
0
0
1
Instance A
1
0
1
210
1
A1-1-SHELL_CNS_
1
0
0
1
Instance A
1
0
1
1
1
A1-2-BEAM_CNS_
1
0
0
1
Instance A
1
0
1
211
1
A1-2-SHELL_CNS_
1
0
0
1
Instance A
1
0
1
197
1
A2-1-BEAM_CNS_
1
0
0
1
Instance A
1
0
1
212
1
A2-1-SHELL_CNS_
1
0
0
1
Instance A
1
0
1
191
1
A2-2-BEAM_CNS_
1
0
0
1
Instance A
1
0
1
213
1
A2-2-SHELL_CNS_
1
0
0
1
Instance A
1
0
1
7
1
